<?xml version="1.0" encoding="UTF-8"?>
<testng-results ignored="0" total="1" passed="1" failed="0" skipped="0">
  <reporter-output>
  </reporter-output>
  <suite started-at="2024-09-21T16:19:19 IST" name="Surefire suite" finished-at="2024-09-21T16:20:09 IST" duration-ms="49718">
    <groups>
    </groups>
    <test started-at="2024-09-21T16:19:19 IST" name="Surefire test" finished-at="2024-09-21T16:20:09 IST" duration-ms="49718">
      <class name="TestCases.TC001_AccountSignUpTest">
        <test-method is-config="true" signature="setup()[pri:0, instance:TestCases.TC001_AccountSignUpTest@409c54f]" started-at="2024-09-21T16:19:19 IST" name="setup" finished-at="2024-09-21T16:19:45 IST" duration-ms="26301" status="PASS">
          <reporter-output>
          </reporter-output>
        </test-method> <!-- setup -->
        <test-method signature="VerifySignup()[pri:0, instance:TestCases.TC001_AccountSignUpTest@409c54f]" started-at="2024-09-21T16:19:45 IST" name="VerifySignup" finished-at="2024-09-21T16:20:08 IST" duration-ms="23014" status="PASS">
          <reporter-output>
          </reporter-output>
        </test-method> <!-- VerifySignup -->
        <test-method is-config="true" signature="afterClass()[pri:0, instance:TestCases.TC001_AccountSignUpTest@409c54f]" started-at="2024-09-21T16:20:08 IST" name="afterClass" finished-at="2024-09-21T16:20:09 IST" duration-ms="290" status="PASS">
          <reporter-output>
          </reporter-output>
        </test-method> <!-- afterClass -->
      </class> <!-- TestCases.TC001_AccountSignUpTest -->
    </test> <!-- Surefire test -->
  </suite> <!-- Surefire suite -->
</testng-results>
