<?xml version="1.0" encoding="UTF-8"?>
<testng-results ignored="0" total="1" passed="1" failed="0" skipped="0">
  <reporter-output>
  </reporter-output>
  <suite started-at="2024-10-10T00:00:39 CEST" name="Suite" finished-at="2024-10-10T00:01:27 CEST" duration-ms="48089">
    <groups>
    </groups>
    <test started-at="2024-10-10T00:00:39 CEST" name="Test" finished-at="2024-10-10T00:01:27 CEST" duration-ms="48089">
      <class name="TestCases.TC001_AccountSignUpTest">
        <test-method is-config="true" signature="setup()[pri:0, instance:TestCases.TC001_AccountSignUpTest@1021f6c9]" started-at="2024-10-10T00:00:39 CEST" name="setup" finished-at="2024-10-10T00:01:05 CEST" duration-ms="25608" status="PASS">
          <reporter-output>
          </reporter-output>
        </test-method> <!-- setup -->
        <test-method signature="VerifySignup()[pri:0, instance:TestCases.TC001_AccountSignUpTest@1021f6c9]" started-at="2024-10-10T00:01:05 CEST" name="VerifySignup" finished-at="2024-10-10T00:01:26 CEST" duration-ms="21352" status="PASS">
          <reporter-output>
          </reporter-output>
        </test-method> <!-- VerifySignup -->
        <test-method is-config="true" signature="afterClass()[pri:0, instance:TestCases.TC001_AccountSignUpTest@1021f6c9]" started-at="2024-10-10T00:01:26 CEST" name="afterClass" finished-at="2024-10-10T00:01:27 CEST" duration-ms="1070" status="PASS">
          <reporter-output>
          </reporter-output>
        </test-method> <!-- afterClass -->
      </class> <!-- TestCases.TC001_AccountSignUpTest -->
    </test> <!-- Test -->
  </suite> <!-- Suite -->
</testng-results>
