<?xml version="1.0" encoding="UTF-8"?>
<testng-results ignored="0" total="1" passed="1" failed="0" skipped="0">
  <reporter-output>
  </reporter-output>
  <suite started-at="2024-09-21T16:17:08 IST" name="Suite" finished-at="2024-09-21T16:17:59 IST" duration-ms="50350">
    <groups>
    </groups>
    <test started-at="2024-09-21T16:17:08 IST" name="Test" finished-at="2024-09-21T16:17:59 IST" duration-ms="50350">
      <class name="TestCases.TC001_AccountSignUpTest">
        <test-method is-config="true" signature="setup()[pri:0, instance:TestCases.TC001_AccountSignUpTest@14c01636]" started-at="2024-09-21T16:17:08 IST" name="setup" finished-at="2024-09-21T16:17:35 IST" duration-ms="26499" status="PASS">
          <reporter-output>
          </reporter-output>
        </test-method> <!-- setup -->
        <test-method signature="VerifySignup()[pri:0, instance:TestCases.TC001_AccountSignUpTest@14c01636]" started-at="2024-09-21T16:17:35 IST" name="VerifySignup" finished-at="2024-09-21T16:17:58 IST" duration-ms="23322" status="PASS">
          <reporter-output>
          </reporter-output>
        </test-method> <!-- VerifySignup -->
        <test-method is-config="true" signature="afterClass()[pri:0, instance:TestCases.TC001_AccountSignUpTest@14c01636]" started-at="2024-09-21T16:17:58 IST" name="afterClass" finished-at="2024-09-21T16:17:59 IST" duration-ms="386" status="PASS">
          <reporter-output>
          </reporter-output>
        </test-method> <!-- afterClass -->
      </class> <!-- TestCases.TC001_AccountSignUpTest -->
    </test> <!-- Test -->
  </suite> <!-- Suite -->
</testng-results>
